<?xml version="1.0" encoding="UTF-8"?>
<testng-results ignored="0" total="1" passed="1" failed="0" skipped="0">
  <reporter-output>
  </reporter-output>
  <suite started-at="2022-12-03T13:31:22 EET" name="Smoke" finished-at="2022-12-03T13:31:32 EET" duration-ms="9046">
    <groups>
    </groups>
    <test started-at="2022-12-03T13:31:22 EET" name="Creating new account test" finished-at="2022-12-03T13:31:32 EET" duration-ms="9046">
      <class name="com.IFNTUNG.edu.tests.CreateAccountTest">
        <test-method is-config="true" signature="beforeSuite()[pri:0, instance:com.IFNTUNG.edu.tests.CreateAccountTest@51dcb805]" started-at="2022-12-03T13:31:22 EET" name="beforeSuite" finished-at="2022-12-03T13:31:24 EET" duration-ms="1226" status="PASS">
          <reporter-output>
          </reporter-output>
        </test-method> <!-- beforeSuite -->
        <test-method is-config="true" signature="setDriver()[pri:0, instance:com.IFNTUNG.edu.tests.CreateAccountTest@51dcb805]" started-at="2022-12-03T13:31:24 EET" name="setDriver" finished-at="2022-12-03T13:31:28 EET" duration-ms="4611" status="PASS">
          <reporter-output>
          </reporter-output>
        </test-method> <!-- setDriver -->
        <test-method signature="createAccountTest()[pri:0, instance:com.IFNTUNG.edu.tests.CreateAccountTest@51dcb805]" started-at="2022-12-03T13:31:28 EET" name="createAccountTest" finished-at="2022-12-03T13:31:31 EET" duration-ms="2977" status="PASS">
          <reporter-output>
          </reporter-output>
        </test-method> <!-- createAccountTest -->
        <test-method is-config="true" signature="afterSuite()[pri:0, instance:com.IFNTUNG.edu.tests.CreateAccountTest@51dcb805]" started-at="2022-12-03T13:31:31 EET" name="afterSuite" finished-at="2022-12-03T13:31:32 EET" duration-ms="186" status="PASS">
          <reporter-output>
          </reporter-output>
        </test-method> <!-- afterSuite -->
      </class> <!-- com.IFNTUNG.edu.tests.CreateAccountTest -->
    </test> <!-- Creating new account test -->
  </suite> <!-- Smoke -->
</testng-results>
