<?xml version="1.0" encoding="UTF-8"?>
<testng-results ignored="0" total="1" passed="1" failed="0" skipped="0">
  <reporter-output>
  </reporter-output>
  <suite started-at="2022-11-28T00:02:45 EET" name="Smoke" finished-at="2022-11-28T00:02:52 EET" duration-ms="7336">
    <groups>
    </groups>
    <test started-at="2022-11-28T00:02:45 EET" name="Test of creating new account" finished-at="2022-11-28T00:02:52 EET" duration-ms="7336">
      <class name="com.IFNTUNG.edu.tests.CreateAccountTest">
        <test-method is-config="true" signature="beforeSuite()[pri:0, instance:com.IFNTUNG.edu.tests.CreateAccountTest@1a4013]" started-at="2022-11-28T00:02:44 EET" name="beforeSuite" finished-at="2022-11-28T00:02:45 EET" duration-ms="539" status="PASS">
          <reporter-output>
          </reporter-output>
        </test-method> <!-- beforeSuite -->
        <test-method is-config="true" signature="setDriver()[pri:0, instance:com.IFNTUNG.edu.tests.CreateAccountTest@1a4013]" started-at="2022-11-28T00:02:45 EET" name="setDriver" finished-at="2022-11-28T00:02:49 EET" duration-ms="4487" status="PASS">
          <reporter-output>
          </reporter-output>
        </test-method> <!-- setDriver -->
        <test-method signature="createAccountTest()[pri:0, instance:com.IFNTUNG.edu.tests.CreateAccountTest@1a4013]" started-at="2022-11-28T00:02:49 EET" name="createAccountTest" finished-at="2022-11-28T00:02:52 EET" duration-ms="2809" status="PASS">
          <reporter-output>
          </reporter-output>
        </test-method> <!-- createAccountTest -->
        <test-method is-config="true" signature="afterSuite()[pri:0, instance:com.IFNTUNG.edu.tests.CreateAccountTest@1a4013]" started-at="2022-11-28T00:02:52 EET" name="afterSuite" finished-at="2022-11-28T00:02:52 EET" duration-ms="182" status="PASS">
          <reporter-output>
          </reporter-output>
        </test-method> <!-- afterSuite -->
      </class> <!-- com.IFNTUNG.edu.tests.CreateAccountTest -->
    </test> <!-- Test of creating new account -->
  </suite> <!-- Smoke -->
</testng-results>
